Oct 18, 2011 3:35:18 PM org.apache.coyote.AbstractProtocol pause
INFO: Pausing ProtocolHandler ["http-bio-8080"]
Oct 18, 2011 3:35:19 PM org.apache.catalina.core.StandardService stopInternal
INFO: Stopping service Catalina
Oct 18, 2011 3:35:19 PM org.apache.coyote.AbstractProtocol stop
INFO: Stopping ProtocolHandler ["http-bio-8080"]
Oct 18, 2011 3:35:19 PM org.apache.coyote.AbstractProtocol destroy
INFO: Destroying ProtocolHandler ["http-bio-8080"]
Oct 18, 2011 4:06:11 PM org.apache.catalina.startup.Catalina initDirs
SEVERE: Cannot find specified temporary folder at /Users/bpontarelli/dev/presentations/freemarker/freemarker-hello-world/apache-tomcat-7.0.16/temp
Oct 18, 2011 4:06:11 PM org.apache.catalina.core.AprLifecycleListener init
INFO: The APR based Apache Tomcat Native library which allows optimal performance in production environments was not found on the java.library.path: .:/Library/Java/Extensions:/System/Library/Java/Extensions:/usr/lib/java
Oct 18, 2011 4:06:11 PM org.apache.coyote.AbstractProtocol init
INFO: Initializing ProtocolHandler ["http-bio-8080"]
Oct 18, 2011 4:06:11 PM org.apache.catalina.startup.Catalina load
INFO: Initialization processed in 422 ms
Oct 18, 2011 4:06:11 PM org.apache.catalina.core.StandardService startInternal
INFO: Starting service Catalina
Oct 18, 2011 4:06:11 PM org.apache.catalina.core.StandardEngine startInternal
INFO: Starting Servlet Engine: Apache Tomcat/7.0.16
Oct 18, 2011 4:06:11 PM org.apache.catalina.realm.JAASRealm setContainer
INFO: Set JAAS app name Catalina
Oct 18, 2011 4:06:12 PM org.apache.catalina.startup.HostConfig deployDirectory
INFO: Deploying web application directory bin
Oct 18, 2011 4:06:12 PM org.apache.catalina.startup.HostConfig deployDirectory
INFO: Deploying web application directory conf
Oct 18, 2011 4:06:12 PM org.apache.catalina.startup.HostConfig deployDirectory
INFO: Deploying web application directory lib
Oct 18, 2011 4:06:12 PM org.apache.catalina.startup.HostConfig deployDirectory
INFO: Deploying web application directory logs
Oct 18, 2011 4:06:12 PM org.apache.catalina.startup.HostConfig deployDirectory
INFO: Deploying web application directory work
Oct 18, 2011 4:06:12 PM org.apache.coyote.AbstractProtocol start
INFO: Starting ProtocolHandler ["http-bio-8080"]
Oct 18, 2011 4:06:12 PM org.apache.catalina.startup.Catalina start
INFO: Server startup in 406 ms
Oct 18, 2011 4:22:19 PM org.apache.coyote.AbstractProtocol pause
INFO: Pausing ProtocolHandler ["http-bio-8080"]
Oct 18, 2011 4:22:20 PM org.apache.catalina.core.StandardService stopInternal
INFO: Stopping service Catalina
Oct 18, 2011 4:22:20 PM org.apache.coyote.AbstractProtocol stop
INFO: Stopping ProtocolHandler ["http-bio-8080"]
Oct 18, 2011 4:22:20 PM org.apache.coyote.AbstractProtocol destroy
INFO: Destroying ProtocolHandler ["http-bio-8080"]
Oct 18, 2011 4:22:24 PM org.apache.catalina.startup.Catalina initDirs
SEVERE: Cannot find specified temporary folder at /Users/bpontarelli/dev/presentations/freemarker/freemarker-hello-world/apache-tomcat-7.0.16/temp
Oct 18, 2011 4:22:24 PM org.apache.catalina.core.AprLifecycleListener init
INFO: The APR based Apache Tomcat Native library which allows optimal performance in production environments was not found on the java.library.path: .:/Library/Java/Extensions:/System/Library/Java/Extensions:/usr/lib/java
Oct 18, 2011 4:22:24 PM org.apache.coyote.AbstractProtocol init
INFO: Initializing ProtocolHandler ["http-bio-8080"]
Oct 18, 2011 4:22:24 PM org.apache.catalina.startup.Catalina load
INFO: Initialization processed in 412 ms
Oct 18, 2011 4:22:24 PM org.apache.catalina.core.StandardService startInternal
INFO: Starting service Catalina
Oct 18, 2011 4:22:24 PM org.apache.catalina.core.StandardEngine startInternal
INFO: Starting Servlet Engine: Apache Tomcat/7.0.16
Oct 18, 2011 4:22:25 PM org.apache.catalina.realm.JAASRealm setContainer
INFO: Set JAAS app name Catalina
Oct 18, 2011 4:22:25 PM org.apache.catalina.startup.HostConfig deployDirectory
INFO: Deploying web application directory bin
Oct 18, 2011 4:22:25 PM org.apache.catalina.startup.HostConfig deployDirectory
INFO: Deploying web application directory conf
Oct 18, 2011 4:22:25 PM org.apache.catalina.startup.HostConfig deployDirectory
INFO: Deploying web application directory lib
Oct 18, 2011 4:22:25 PM org.apache.catalina.startup.HostConfig deployDirectory
INFO: Deploying web application directory logs
Oct 18, 2011 4:22:25 PM org.apache.catalina.startup.HostConfig deployDirectory
INFO: Deploying web application directory work
Oct 18, 2011 4:22:25 PM org.apache.coyote.AbstractProtocol start
INFO: Starting ProtocolHandler ["http-bio-8080"]
Oct 18, 2011 4:22:25 PM org.apache.catalina.startup.Catalina start
INFO: Server startup in 426 ms
Oct 18, 2011 4:26:50 PM org.apache.coyote.AbstractProtocol pause
INFO: Pausing ProtocolHandler ["http-bio-8080"]
Oct 18, 2011 4:26:51 PM org.apache.catalina.core.StandardService stopInternal
INFO: Stopping service Catalina
Oct 18, 2011 4:26:51 PM org.apache.coyote.AbstractProtocol stop
INFO: Stopping ProtocolHandler ["http-bio-8080"]
Oct 18, 2011 4:26:51 PM org.apache.coyote.AbstractProtocol destroy
INFO: Destroying ProtocolHandler ["http-bio-8080"]
Oct 18, 2011 4:26:55 PM org.apache.catalina.startup.Catalina initDirs
SEVERE: Cannot find specified temporary folder at /Users/bpontarelli/dev/presentations/freemarker/freemarker-hello-world/apache-tomcat-7.0.16/temp
Oct 18, 2011 4:26:55 PM org.apache.catalina.core.AprLifecycleListener init
INFO: The APR based Apache Tomcat Native library which allows optimal performance in production environments was not found on the java.library.path: .:/Library/Java/Extensions:/System/Library/Java/Extensions:/usr/lib/java
Oct 18, 2011 4:26:55 PM org.apache.coyote.AbstractProtocol init
INFO: Initializing ProtocolHandler ["http-bio-8080"]
Oct 18, 2011 4:26:55 PM org.apache.catalina.startup.Catalina load
INFO: Initialization processed in 413 ms
Oct 18, 2011 4:26:55 PM org.apache.catalina.core.StandardService startInternal
INFO: Starting service Catalina
Oct 18, 2011 4:26:55 PM org.apache.catalina.core.StandardEngine startInternal
INFO: Starting Servlet Engine: Apache Tomcat/7.0.16
Oct 18, 2011 4:26:55 PM org.apache.catalina.realm.JAASRealm setContainer
INFO: Set JAAS app name Catalina
Oct 18, 2011 4:26:55 PM org.apache.catalina.startup.HostConfig deployDirectory
INFO: Deploying web application directory bin
Oct 18, 2011 4:26:55 PM org.apache.catalina.startup.HostConfig deployDirectory
INFO: Deploying web application directory conf
Oct 18, 2011 4:26:56 PM org.apache.catalina.startup.HostConfig deployDirectory
INFO: Deploying web application directory lib
Oct 18, 2011 4:26:56 PM org.apache.catalina.startup.HostConfig deployDirectory
INFO: Deploying web application directory logs
Oct 18, 2011 4:26:56 PM org.apache.catalina.startup.HostConfig deployDirectory
INFO: Deploying web application directory work
Oct 18, 2011 4:26:56 PM org.apache.coyote.AbstractProtocol start
INFO: Starting ProtocolHandler ["http-bio-8080"]
Oct 18, 2011 4:26:56 PM org.apache.catalina.startup.Catalina start
INFO: Server startup in 412 ms
Oct 18, 2011 4:27:56 PM org.apache.coyote.AbstractProtocol pause
INFO: Pausing ProtocolHandler ["http-bio-8080"]
Oct 18, 2011 4:27:57 PM org.apache.catalina.core.StandardService stopInternal
INFO: Stopping service Catalina
Oct 18, 2011 4:27:57 PM org.apache.coyote.AbstractProtocol stop
INFO: Stopping ProtocolHandler ["http-bio-8080"]
Oct 18, 2011 4:27:57 PM org.apache.coyote.AbstractProtocol destroy
INFO: Destroying ProtocolHandler ["http-bio-8080"]
Oct 18, 2011 4:28:04 PM org.apache.catalina.startup.Catalina initDirs
SEVERE: Cannot find specified temporary folder at /Users/bpontarelli/dev/presentations/freemarker/freemarker-hello-world/apache-tomcat-7.0.16/temp
Oct 18, 2011 4:28:04 PM org.apache.catalina.core.AprLifecycleListener init
INFO: The APR based Apache Tomcat Native library which allows optimal performance in production environments was not found on the java.library.path: .:/Library/Java/Extensions:/System/Library/Java/Extensions:/usr/lib/java
Oct 18, 2011 4:28:04 PM org.apache.coyote.AbstractProtocol init
INFO: Initializing ProtocolHandler ["http-bio-8080"]
Oct 18, 2011 4:28:04 PM org.apache.catalina.startup.Catalina load
INFO: Initialization processed in 421 ms
Oct 18, 2011 4:28:04 PM org.apache.catalina.core.StandardService startInternal
INFO: Starting service Catalina
Oct 18, 2011 4:28:04 PM org.apache.catalina.core.StandardEngine startInternal
INFO: Starting Servlet Engine: Apache Tomcat/7.0.16
Oct 18, 2011 4:28:04 PM org.apache.catalina.realm.JAASRealm setContainer
INFO: Set JAAS app name Catalina
Oct 18, 2011 4:28:05 PM org.apache.catalina.startup.HostConfig deployDirectory
INFO: Deploying web application directory bin
Oct 18, 2011 4:28:05 PM org.apache.catalina.startup.HostConfig deployDirectory
INFO: Deploying web application directory conf
Oct 18, 2011 4:28:05 PM org.apache.catalina.startup.HostConfig deployDirectory
INFO: Deploying web application directory lib
Oct 18, 2011 4:28:05 PM org.apache.catalina.startup.HostConfig deployDirectory
INFO: Deploying web application directory logs
Oct 18, 2011 4:28:05 PM org.apache.catalina.startup.HostConfig deployDirectory
INFO: Deploying web application directory work
Oct 18, 2011 4:28:05 PM org.apache.coyote.AbstractProtocol start
INFO: Starting ProtocolHandler ["http-bio-8080"]
Oct 18, 2011 4:28:05 PM org.apache.catalina.startup.Catalina start
INFO: Server startup in 431 ms
Oct 18, 2011 4:28:57 PM org.apache.coyote.AbstractProtocol pause
INFO: Pausing ProtocolHandler ["http-bio-8080"]
Oct 18, 2011 4:28:58 PM org.apache.catalina.core.StandardService stopInternal
INFO: Stopping service Catalina
Oct 18, 2011 4:28:58 PM org.apache.coyote.AbstractProtocol stop
INFO: Stopping ProtocolHandler ["http-bio-8080"]
Oct 18, 2011 4:28:58 PM org.apache.coyote.AbstractProtocol destroy
INFO: Destroying ProtocolHandler ["http-bio-8080"]
Oct 18, 2011 4:29:03 PM org.apache.catalina.startup.Catalina initDirs
SEVERE: Cannot find specified temporary folder at /Users/bpontarelli/dev/presentations/freemarker/freemarker-hello-world/apache-tomcat-7.0.16/temp
Oct 18, 2011 4:29:03 PM org.apache.catalina.core.AprLifecycleListener init
INFO: The APR based Apache Tomcat Native library which allows optimal performance in production environments was not found on the java.library.path: .:/Library/Java/Extensions:/System/Library/Java/Extensions:/usr/lib/java
Oct 18, 2011 4:29:03 PM org.apache.coyote.AbstractProtocol init
INFO: Initializing ProtocolHandler ["http-bio-8080"]
Oct 18, 2011 4:29:03 PM org.apache.catalina.startup.Catalina load
INFO: Initialization processed in 413 ms
Oct 18, 2011 4:29:03 PM org.apache.catalina.core.StandardService startInternal
INFO: Starting service Catalina
Oct 18, 2011 4:29:03 PM org.apache.catalina.core.StandardEngine startInternal
INFO: Starting Servlet Engine: Apache Tomcat/7.0.16
Oct 18, 2011 4:29:03 PM org.apache.catalina.realm.JAASRealm setContainer
INFO: Set JAAS app name Catalina
Oct 18, 2011 4:29:04 PM org.apache.catalina.startup.HostConfig deployDirectory
INFO: Deploying web application directory bin
Oct 18, 2011 4:29:04 PM org.apache.catalina.startup.HostConfig deployDirectory
INFO: Deploying web application directory conf
Oct 18, 2011 4:29:04 PM org.apache.catalina.startup.HostConfig deployDirectory
INFO: Deploying web application directory lib
Oct 18, 2011 4:29:04 PM org.apache.catalina.startup.HostConfig deployDirectory
INFO: Deploying web application directory logs
Oct 18, 2011 4:29:04 PM org.apache.catalina.startup.HostConfig deployDirectory
INFO: Deploying web application directory work
Oct 18, 2011 4:29:04 PM org.apache.coyote.AbstractProtocol start
INFO: Starting ProtocolHandler ["http-bio-8080"]
Oct 18, 2011 4:29:04 PM org.apache.catalina.startup.Catalina start
INFO: Server startup in 430 ms
Oct 18, 2011 4:34:23 PM org.apache.coyote.AbstractProtocol pause
INFO: Pausing ProtocolHandler ["http-bio-8080"]
Oct 18, 2011 4:34:24 PM org.apache.catalina.core.StandardService stopInternal
INFO: Stopping service Catalina
Oct 18, 2011 4:34:24 PM org.apache.coyote.AbstractProtocol stop
INFO: Stopping ProtocolHandler ["http-bio-8080"]
Oct 18, 2011 4:34:24 PM org.apache.coyote.AbstractProtocol destroy
INFO: Destroying ProtocolHandler ["http-bio-8080"]
Oct 18, 2011 4:34:27 PM org.apache.catalina.startup.Catalina initDirs
SEVERE: Cannot find specified temporary folder at /Users/bpontarelli/dev/presentations/freemarker/freemarker-hello-world/apache-tomcat-7.0.16/temp
Oct 18, 2011 4:34:28 PM org.apache.catalina.core.AprLifecycleListener init
INFO: The APR based Apache Tomcat Native library which allows optimal performance in production environments was not found on the java.library.path: .:/Library/Java/Extensions:/System/Library/Java/Extensions:/usr/lib/java
Oct 18, 2011 4:34:28 PM org.apache.coyote.AbstractProtocol init
INFO: Initializing ProtocolHandler ["http-bio-8080"]
Oct 18, 2011 4:34:28 PM org.apache.catalina.startup.Catalina load
INFO: Initialization processed in 413 ms
Oct 18, 2011 4:34:28 PM org.apache.catalina.core.StandardService startInternal
INFO: Starting service Catalina
Oct 18, 2011 4:34:28 PM org.apache.catalina.core.StandardEngine startInternal
INFO: Starting Servlet Engine: Apache Tomcat/7.0.16
Oct 18, 2011 4:34:28 PM org.apache.catalina.realm.JAASRealm setContainer
INFO: Set JAAS app name Catalina
Oct 18, 2011 4:34:28 PM org.apache.catalina.startup.HostConfig deployDirectory
INFO: Deploying web application directory bin
Oct 18, 2011 4:34:28 PM org.apache.catalina.startup.HostConfig deployDirectory
INFO: Deploying web application directory conf
Oct 18, 2011 4:34:28 PM org.apache.catalina.startup.HostConfig deployDirectory
INFO: Deploying web application directory lib
Oct 18, 2011 4:34:28 PM org.apache.catalina.startup.HostConfig deployDirectory
INFO: Deploying web application directory logs
Oct 18, 2011 4:34:28 PM org.apache.catalina.startup.HostConfig deployDirectory
INFO: Deploying web application directory work
Oct 18, 2011 4:34:28 PM org.apache.coyote.AbstractProtocol start
INFO: Starting ProtocolHandler ["http-bio-8080"]
Oct 18, 2011 4:34:28 PM org.apache.catalina.startup.Catalina start
INFO: Server startup in 427 ms
Oct 18, 2011 4:35:00 PM org.apache.coyote.AbstractProtocol pause
INFO: Pausing ProtocolHandler ["http-bio-8080"]
Oct 18, 2011 4:35:01 PM org.apache.catalina.core.StandardService stopInternal
INFO: Stopping service Catalina
Oct 18, 2011 4:35:01 PM org.apache.coyote.AbstractProtocol stop
INFO: Stopping ProtocolHandler ["http-bio-8080"]
Oct 18, 2011 4:35:01 PM org.apache.coyote.AbstractProtocol destroy
INFO: Destroying ProtocolHandler ["http-bio-8080"]
Oct 18, 2011 4:35:02 PM org.apache.catalina.startup.Catalina initDirs
SEVERE: Cannot find specified temporary folder at /Users/bpontarelli/dev/presentations/freemarker/freemarker-hello-world/apache-tomcat-7.0.16/temp
Oct 18, 2011 4:35:02 PM org.apache.catalina.core.AprLifecycleListener init
INFO: The APR based Apache Tomcat Native library which allows optimal performance in production environments was not found on the java.library.path: .:/Library/Java/Extensions:/System/Library/Java/Extensions:/usr/lib/java
Oct 18, 2011 4:35:03 PM org.apache.coyote.AbstractProtocol init
INFO: Initializing ProtocolHandler ["http-bio-8080"]
Oct 18, 2011 4:35:03 PM org.apache.catalina.startup.Catalina load
INFO: Initialization processed in 415 ms
Oct 18, 2011 4:35:03 PM org.apache.catalina.core.StandardService startInternal
INFO: Starting service Catalina
Oct 18, 2011 4:35:03 PM org.apache.catalina.core.StandardEngine startInternal
INFO: Starting Servlet Engine: Apache Tomcat/7.0.16
Oct 18, 2011 4:35:03 PM org.apache.catalina.realm.JAASRealm setContainer
INFO: Set JAAS app name Catalina
Oct 18, 2011 4:35:03 PM org.apache.catalina.startup.HostConfig deployDirectory
INFO: Deploying web application directory bin
Oct 18, 2011 4:35:03 PM org.apache.catalina.startup.HostConfig deployDirectory
INFO: Deploying web application directory conf
Oct 18, 2011 4:35:03 PM org.apache.catalina.startup.HostConfig deployDirectory
INFO: Deploying web application directory lib
Oct 18, 2011 4:35:03 PM org.apache.catalina.startup.HostConfig deployDirectory
INFO: Deploying web application directory logs
Oct 18, 2011 4:35:03 PM org.apache.catalina.startup.HostConfig deployDirectory
INFO: Deploying web application directory work
Oct 18, 2011 4:35:03 PM org.apache.coyote.AbstractProtocol start
INFO: Starting ProtocolHandler ["http-bio-8080"]
Oct 18, 2011 4:35:03 PM org.apache.catalina.startup.Catalina start
INFO: Server startup in 445 ms
Oct 18, 2011 4:35:16 PM org.apache.coyote.AbstractProtocol pause
INFO: Pausing ProtocolHandler ["http-bio-8080"]
Oct 18, 2011 4:35:17 PM org.apache.catalina.core.StandardService stopInternal
INFO: Stopping service Catalina
Oct 18, 2011 4:35:17 PM org.apache.coyote.AbstractProtocol stop
INFO: Stopping ProtocolHandler ["http-bio-8080"]
Oct 18, 2011 4:35:17 PM org.apache.coyote.AbstractProtocol destroy
INFO: Destroying ProtocolHandler ["http-bio-8080"]
Oct 18, 2011 4:35:19 PM org.apache.catalina.startup.Catalina initDirs
SEVERE: Cannot find specified temporary folder at /Users/bpontarelli/dev/presentations/freemarker/freemarker-hello-world/apache-tomcat-7.0.16/temp
Oct 18, 2011 4:35:19 PM org.apache.catalina.core.AprLifecycleListener init
INFO: The APR based Apache Tomcat Native library which allows optimal performance in production environments was not found on the java.library.path: .:/Library/Java/Extensions:/System/Library/Java/Extensions:/usr/lib/java
Oct 18, 2011 4:35:19 PM org.apache.coyote.AbstractProtocol init
INFO: Initializing ProtocolHandler ["http-bio-8080"]
Oct 18, 2011 4:35:19 PM org.apache.catalina.startup.Catalina load
INFO: Initialization processed in 418 ms
Oct 18, 2011 4:35:19 PM org.apache.catalina.core.StandardService startInternal
INFO: Starting service Catalina
Oct 18, 2011 4:35:19 PM org.apache.catalina.core.StandardEngine startInternal
INFO: Starting Servlet Engine: Apache Tomcat/7.0.16
Oct 18, 2011 4:35:19 PM org.apache.catalina.realm.JAASRealm setContainer
INFO: Set JAAS app name Catalina
Oct 18, 2011 4:35:19 PM org.apache.catalina.startup.HostConfig deployDirectory
INFO: Deploying web application directory bin
Oct 18, 2011 4:35:19 PM org.apache.catalina.startup.HostConfig deployDirectory
INFO: Deploying web application directory conf
Oct 18, 2011 4:35:19 PM org.apache.catalina.startup.HostConfig deployDirectory
INFO: Deploying web application directory lib
Oct 18, 2011 4:35:19 PM org.apache.catalina.startup.HostConfig deployDirectory
INFO: Deploying web application directory logs
Oct 18, 2011 4:35:19 PM org.apache.catalina.startup.HostConfig deployDirectory
INFO: Deploying web application directory work
Oct 18, 2011 4:35:19 PM org.apache.coyote.AbstractProtocol start
INFO: Starting ProtocolHandler ["http-bio-8080"]
Oct 18, 2011 4:35:19 PM org.apache.catalina.startup.Catalina start
INFO: Server startup in 456 ms
Oct 18, 2011 4:35:45 PM org.apache.coyote.AbstractProtocol pause
INFO: Pausing ProtocolHandler ["http-bio-8080"]
Oct 18, 2011 4:35:46 PM org.apache.catalina.core.StandardService stopInternal
INFO: Stopping service Catalina
Oct 18, 2011 4:35:46 PM org.apache.coyote.AbstractProtocol stop
INFO: Stopping ProtocolHandler ["http-bio-8080"]
Oct 18, 2011 4:35:46 PM org.apache.coyote.AbstractProtocol destroy
INFO: Destroying ProtocolHandler ["http-bio-8080"]
Oct 18, 2011 4:35:49 PM org.apache.catalina.startup.Catalina initDirs
SEVERE: Cannot find specified temporary folder at /Users/bpontarelli/dev/presentations/freemarker/freemarker-hello-world/apache-tomcat-7.0.16/temp
Oct 18, 2011 4:35:49 PM org.apache.catalina.core.AprLifecycleListener init
INFO: The APR based Apache Tomcat Native library which allows optimal performance in production environments was not found on the java.library.path: .:/Library/Java/Extensions:/System/Library/Java/Extensions:/usr/lib/java
Oct 18, 2011 4:35:49 PM org.apache.coyote.AbstractProtocol init
INFO: Initializing ProtocolHandler ["http-bio-8080"]
Oct 18, 2011 4:35:49 PM org.apache.catalina.startup.Catalina load
INFO: Initialization processed in 421 ms
Oct 18, 2011 4:35:49 PM org.apache.catalina.core.StandardService startInternal
INFO: Starting service Catalina
Oct 18, 2011 4:35:49 PM org.apache.catalina.core.StandardEngine startInternal
INFO: Starting Servlet Engine: Apache Tomcat/7.0.16
Oct 18, 2011 4:35:50 PM org.apache.catalina.realm.JAASRealm setContainer
INFO: Set JAAS app name Catalina
Oct 18, 2011 4:35:50 PM org.apache.catalina.startup.HostConfig deployDirectory
INFO: Deploying web application directory bin
Oct 18, 2011 4:35:50 PM org.apache.catalina.startup.HostConfig deployDirectory
INFO: Deploying web application directory conf
Oct 18, 2011 4:35:50 PM org.apache.catalina.startup.HostConfig deployDirectory
INFO: Deploying web application directory lib
Oct 18, 2011 4:35:50 PM org.apache.catalina.startup.HostConfig deployDirectory
INFO: Deploying web application directory logs
Oct 18, 2011 4:35:50 PM org.apache.catalina.startup.HostConfig deployDirectory
INFO: Deploying web application directory work
Oct 18, 2011 4:35:50 PM org.apache.coyote.AbstractProtocol start
INFO: Starting ProtocolHandler ["http-bio-8080"]
Oct 18, 2011 4:35:50 PM org.apache.catalina.startup.Catalina start
INFO: Server startup in 422 ms
Oct 18, 2011 4:36:40 PM org.apache.coyote.AbstractProtocol pause
INFO: Pausing ProtocolHandler ["http-bio-8080"]
Oct 18, 2011 4:36:41 PM org.apache.catalina.core.StandardService stopInternal
INFO: Stopping service Catalina
Oct 18, 2011 4:36:41 PM org.apache.coyote.AbstractProtocol stop
INFO: Stopping ProtocolHandler ["http-bio-8080"]
Oct 18, 2011 4:36:41 PM org.apache.coyote.AbstractProtocol destroy
INFO: Destroying ProtocolHandler ["http-bio-8080"]
Oct 18, 2011 4:36:43 PM org.apache.catalina.startup.Catalina initDirs
SEVERE: Cannot find specified temporary folder at /Users/bpontarelli/dev/presentations/freemarker/freemarker-hello-world/apache-tomcat-7.0.16/temp
Oct 18, 2011 4:36:44 PM org.apache.catalina.core.AprLifecycleListener init
INFO: The APR based Apache Tomcat Native library which allows optimal performance in production environments was not found on the java.library.path: .:/Library/Java/Extensions:/System/Library/Java/Extensions:/usr/lib/java
Oct 18, 2011 4:36:44 PM org.apache.coyote.AbstractProtocol init
INFO: Initializing ProtocolHandler ["http-bio-8080"]
Oct 18, 2011 4:36:44 PM org.apache.catalina.startup.Catalina load
INFO: Initialization processed in 417 ms
Oct 18, 2011 4:36:44 PM org.apache.catalina.core.StandardService startInternal
INFO: Starting service Catalina
Oct 18, 2011 4:36:44 PM org.apache.catalina.core.StandardEngine startInternal
INFO: Starting Servlet Engine: Apache Tomcat/7.0.16
Oct 18, 2011 4:36:44 PM org.apache.catalina.realm.JAASRealm setContainer
INFO: Set JAAS app name Catalina
Oct 18, 2011 4:36:44 PM org.apache.catalina.startup.HostConfig deployDirectory
INFO: Deploying web application directory bin
Oct 18, 2011 4:36:44 PM org.apache.catalina.startup.HostConfig deployDirectory
INFO: Deploying web application directory conf
Oct 18, 2011 4:36:44 PM org.apache.catalina.startup.HostConfig deployDirectory
INFO: Deploying web application directory lib
Oct 18, 2011 4:36:44 PM org.apache.catalina.startup.HostConfig deployDirectory
INFO: Deploying web application directory logs
Oct 18, 2011 4:36:44 PM org.apache.catalina.startup.HostConfig deployDirectory
INFO: Deploying web application directory work
Oct 18, 2011 4:36:44 PM org.apache.coyote.AbstractProtocol start
INFO: Starting ProtocolHandler ["http-bio-8080"]
Oct 18, 2011 4:36:44 PM org.apache.catalina.startup.Catalina start
INFO: Server startup in 436 ms
Oct 18, 2011 4:36:57 PM org.apache.coyote.AbstractProtocol pause
INFO: Pausing ProtocolHandler ["http-bio-8080"]
Oct 18, 2011 4:36:58 PM org.apache.catalina.core.StandardService stopInternal
INFO: Stopping service Catalina
Oct 18, 2011 4:36:58 PM org.apache.coyote.AbstractProtocol stop
INFO: Stopping ProtocolHandler ["http-bio-8080"]
Oct 18, 2011 4:36:58 PM org.apache.coyote.AbstractProtocol destroy
INFO: Destroying ProtocolHandler ["http-bio-8080"]
