Oct 17, 2011 4:24:01 PM org.apache.catalina.startup.Catalina initDirs
SEVERE: Cannot find specified temporary folder at /Users/bpontarelli/dev/presentations/freemarker/freemarker-hello-world/apache-tomcat-7.0.16/temp
Oct 17, 2011 4:24:01 PM org.apache.catalina.core.AprLifecycleListener init
INFO: The APR based Apache Tomcat Native library which allows optimal performance in production environments was not found on the java.library.path: .:/Library/Java/Extensions:/System/Library/Java/Extensions:/usr/lib/java
Oct 17, 2011 4:24:02 PM org.apache.coyote.AbstractProtocol init
INFO: Initializing ProtocolHandler ["http-bio-8080"]
Oct 17, 2011 4:24:02 PM org.apache.catalina.startup.Catalina load
INFO: Initialization processed in 419 ms
Oct 17, 2011 4:24:02 PM org.apache.catalina.core.StandardService startInternal
INFO: Starting service Catalina
Oct 17, 2011 4:24:02 PM org.apache.catalina.core.StandardEngine startInternal
INFO: Starting Servlet Engine: Apache Tomcat/7.0.16
Oct 17, 2011 4:24:02 PM org.apache.catalina.realm.JAASRealm setContainer
INFO: Set JAAS app name Catalina
Oct 17, 2011 4:24:02 PM org.apache.catalina.core.StandardContext startInternal
SEVERE: Error listenerStart
Oct 17, 2011 4:24:02 PM org.apache.catalina.core.StandardContext startInternal
SEVERE: Context [] startup failed due to previous errors
Oct 17, 2011 4:24:02 PM org.apache.catalina.startup.HostConfig deployDirectory
INFO: Deploying web application directory bin
Oct 17, 2011 4:24:02 PM org.apache.catalina.startup.HostConfig deployDirectory
INFO: Deploying web application directory conf
Oct 17, 2011 4:24:02 PM org.apache.catalina.startup.HostConfig deployDirectory
INFO: Deploying web application directory lib
Oct 17, 2011 4:24:02 PM org.apache.catalina.startup.HostConfig deployDirectory
INFO: Deploying web application directory logs
Oct 17, 2011 4:24:02 PM org.apache.catalina.startup.HostConfig deployDirectory
INFO: Deploying web application directory work
Oct 17, 2011 4:24:02 PM org.apache.coyote.AbstractProtocol start
INFO: Starting ProtocolHandler ["http-bio-8080"]
Oct 17, 2011 4:24:02 PM org.apache.catalina.startup.Catalina start
INFO: Server startup in 445 ms
Oct 17, 2011 4:24:20 PM org.apache.coyote.AbstractProtocol pause
INFO: Pausing ProtocolHandler ["http-bio-8080"]
Oct 17, 2011 4:24:21 PM org.apache.catalina.core.StandardService stopInternal
INFO: Stopping service Catalina
Oct 17, 2011 4:24:21 PM org.apache.catalina.util.LifecycleBase stop
INFO: The stop() method was called on component [StandardEngine[Catalina].StandardHost[localhost].StandardContext[]] after stop() had already been called. The second call will be ignored.
Oct 17, 2011 4:24:21 PM org.apache.coyote.AbstractProtocol stop
INFO: Stopping ProtocolHandler ["http-bio-8080"]
Oct 17, 2011 4:24:21 PM org.apache.coyote.AbstractProtocol destroy
INFO: Destroying ProtocolHandler ["http-bio-8080"]
Oct 17, 2011 4:27:51 PM org.apache.catalina.startup.Catalina initDirs
SEVERE: Cannot find specified temporary folder at /Users/bpontarelli/dev/presentations/freemarker/freemarker-hello-world/apache-tomcat-7.0.16/temp
Oct 17, 2011 4:27:51 PM org.apache.catalina.core.AprLifecycleListener init
INFO: The APR based Apache Tomcat Native library which allows optimal performance in production environments was not found on the java.library.path: .:/Library/Java/Extensions:/System/Library/Java/Extensions:/usr/lib/java
Oct 17, 2011 4:27:52 PM org.apache.coyote.AbstractProtocol init
INFO: Initializing ProtocolHandler ["http-bio-8080"]
Oct 17, 2011 4:27:52 PM org.apache.catalina.startup.Catalina load
INFO: Initialization processed in 415 ms
Oct 17, 2011 4:27:52 PM org.apache.catalina.core.StandardService startInternal
INFO: Starting service Catalina
Oct 17, 2011 4:27:52 PM org.apache.catalina.core.StandardEngine startInternal
INFO: Starting Servlet Engine: Apache Tomcat/7.0.16
Oct 17, 2011 4:28:07 PM org.apache.catalina.startup.Catalina initDirs
SEVERE: Cannot find specified temporary folder at /Users/bpontarelli/dev/presentations/freemarker/freemarker-hello-world/apache-tomcat-7.0.16/temp
Oct 17, 2011 4:28:07 PM org.apache.catalina.core.AprLifecycleListener init
INFO: The APR based Apache Tomcat Native library which allows optimal performance in production environments was not found on the java.library.path: .:/Library/Java/Extensions:/System/Library/Java/Extensions:/usr/lib/java
Oct 17, 2011 4:28:07 PM org.apache.coyote.AbstractProtocol init
INFO: Initializing ProtocolHandler ["http-bio-8080"]
Oct 17, 2011 4:28:07 PM org.apache.catalina.startup.Catalina load
INFO: Initialization processed in 413 ms
Oct 17, 2011 4:28:07 PM org.apache.catalina.core.StandardService startInternal
INFO: Starting service Catalina
Oct 17, 2011 4:28:07 PM org.apache.catalina.core.StandardEngine startInternal
INFO: Starting Servlet Engine: Apache Tomcat/7.0.16
Oct 17, 2011 4:28:15 PM org.apache.catalina.startup.Catalina initDirs
SEVERE: Cannot find specified temporary folder at /Users/bpontarelli/dev/presentations/freemarker/freemarker-hello-world/apache-tomcat-7.0.16/temp
Oct 17, 2011 4:28:16 PM org.apache.catalina.core.AprLifecycleListener init
INFO: The APR based Apache Tomcat Native library which allows optimal performance in production environments was not found on the java.library.path: .:/Library/Java/Extensions:/System/Library/Java/Extensions:/usr/lib/java
Oct 17, 2011 4:28:16 PM org.apache.coyote.AbstractProtocol init
INFO: Initializing ProtocolHandler ["http-bio-8080"]
Oct 17, 2011 4:28:16 PM org.apache.catalina.startup.Catalina load
INFO: Initialization processed in 414 ms
Oct 17, 2011 4:28:16 PM org.apache.catalina.core.StandardService startInternal
INFO: Starting service Catalina
Oct 17, 2011 4:28:16 PM org.apache.catalina.core.StandardEngine startInternal
INFO: Starting Servlet Engine: Apache Tomcat/7.0.16
Oct 17, 2011 4:28:16 PM org.apache.catalina.realm.JAASRealm setContainer
INFO: Set JAAS app name Catalina
Oct 17, 2011 4:28:16 PM org.apache.catalina.startup.HostConfig deployDirectory
INFO: Deploying web application directory bin
Oct 17, 2011 4:28:16 PM org.apache.catalina.startup.HostConfig deployDirectory
INFO: Deploying web application directory conf
Oct 17, 2011 4:28:16 PM org.apache.catalina.startup.HostConfig deployDirectory
INFO: Deploying web application directory lib
Oct 17, 2011 4:28:16 PM org.apache.catalina.startup.HostConfig deployDirectory
INFO: Deploying web application directory logs
Oct 17, 2011 4:28:16 PM org.apache.catalina.startup.HostConfig deployDirectory
INFO: Deploying web application directory work
Oct 17, 2011 4:28:16 PM org.apache.coyote.AbstractProtocol start
INFO: Starting ProtocolHandler ["http-bio-8080"]
Oct 17, 2011 4:28:16 PM org.apache.catalina.startup.Catalina start
INFO: Server startup in 457 ms
Oct 17, 2011 4:29:42 PM org.apache.coyote.AbstractProtocol pause
INFO: Pausing ProtocolHandler ["http-bio-8080"]
Oct 17, 2011 4:29:43 PM org.apache.catalina.core.StandardService stopInternal
INFO: Stopping service Catalina
Oct 17, 2011 4:29:44 PM org.apache.coyote.AbstractProtocol stop
INFO: Stopping ProtocolHandler ["http-bio-8080"]
Oct 17, 2011 4:29:44 PM org.apache.coyote.AbstractProtocol destroy
INFO: Destroying ProtocolHandler ["http-bio-8080"]
Oct 17, 2011 8:27:01 PM org.apache.catalina.startup.Catalina initDirs
SEVERE: Cannot find specified temporary folder at /Users/bpontarelli/dev/presentations/freemarker/freemarker-hello-world/apache-tomcat-7.0.16/temp
Oct 17, 2011 8:27:01 PM org.apache.catalina.core.AprLifecycleListener init
INFO: The APR based Apache Tomcat Native library which allows optimal performance in production environments was not found on the java.library.path: .:/Library/Java/Extensions:/System/Library/Java/Extensions:/usr/lib/java
Oct 17, 2011 8:27:01 PM org.apache.coyote.AbstractProtocol init
INFO: Initializing ProtocolHandler ["http-bio-8080"]
Oct 17, 2011 8:27:01 PM org.apache.catalina.startup.Catalina load
INFO: Initialization processed in 415 ms
Oct 17, 2011 8:27:01 PM org.apache.catalina.core.StandardService startInternal
INFO: Starting service Catalina
Oct 17, 2011 8:27:01 PM org.apache.catalina.core.StandardEngine startInternal
INFO: Starting Servlet Engine: Apache Tomcat/7.0.16
Oct 17, 2011 8:27:01 PM org.apache.catalina.realm.JAASRealm setContainer
INFO: Set JAAS app name Catalina
Oct 17, 2011 8:27:01 PM org.apache.catalina.startup.HostConfig deployDirectory
INFO: Deploying web application directory bin
Oct 17, 2011 8:27:01 PM org.apache.catalina.startup.HostConfig deployDirectory
INFO: Deploying web application directory conf
Oct 17, 2011 8:27:01 PM org.apache.catalina.startup.HostConfig deployDirectory
INFO: Deploying web application directory lib
Oct 17, 2011 8:27:01 PM org.apache.catalina.startup.HostConfig deployDirectory
INFO: Deploying web application directory logs
Oct 17, 2011 8:27:01 PM org.apache.catalina.startup.HostConfig deployDirectory
INFO: Deploying web application directory work
Oct 17, 2011 8:27:01 PM org.apache.coyote.AbstractProtocol start
INFO: Starting ProtocolHandler ["http-bio-8080"]
Oct 17, 2011 8:27:01 PM org.apache.catalina.startup.Catalina start
INFO: Server startup in 416 ms
Oct 17, 2011 8:27:36 PM org.apache.coyote.AbstractProtocol pause
INFO: Pausing ProtocolHandler ["http-bio-8080"]
Oct 17, 2011 8:27:37 PM org.apache.catalina.core.StandardService stopInternal
INFO: Stopping service Catalina
Oct 17, 2011 8:27:37 PM org.apache.coyote.AbstractProtocol stop
INFO: Stopping ProtocolHandler ["http-bio-8080"]
Oct 17, 2011 8:27:37 PM org.apache.coyote.AbstractProtocol destroy
INFO: Destroying ProtocolHandler ["http-bio-8080"]
Oct 17, 2011 8:27:41 PM org.apache.catalina.startup.Catalina initDirs
SEVERE: Cannot find specified temporary folder at /Users/bpontarelli/dev/presentations/freemarker/freemarker-hello-world/apache-tomcat-7.0.16/temp
Oct 17, 2011 8:27:41 PM org.apache.catalina.core.AprLifecycleListener init
INFO: The APR based Apache Tomcat Native library which allows optimal performance in production environments was not found on the java.library.path: .:/Library/Java/Extensions:/System/Library/Java/Extensions:/usr/lib/java
Oct 17, 2011 8:27:41 PM org.apache.coyote.AbstractProtocol init
INFO: Initializing ProtocolHandler ["http-bio-8080"]
Oct 17, 2011 8:27:41 PM org.apache.catalina.startup.Catalina load
INFO: Initialization processed in 413 ms
Oct 17, 2011 8:27:41 PM org.apache.catalina.core.StandardService startInternal
INFO: Starting service Catalina
Oct 17, 2011 8:27:41 PM org.apache.catalina.core.StandardEngine startInternal
INFO: Starting Servlet Engine: Apache Tomcat/7.0.16
Oct 17, 2011 8:27:41 PM org.apache.catalina.realm.JAASRealm setContainer
INFO: Set JAAS app name Catalina
Oct 17, 2011 8:27:42 PM org.apache.catalina.startup.HostConfig deployDirectory
INFO: Deploying web application directory bin
Oct 17, 2011 8:27:42 PM org.apache.catalina.startup.HostConfig deployDirectory
INFO: Deploying web application directory conf
Oct 17, 2011 8:27:42 PM org.apache.catalina.startup.HostConfig deployDirectory
INFO: Deploying web application directory lib
Oct 17, 2011 8:27:42 PM org.apache.catalina.startup.HostConfig deployDirectory
INFO: Deploying web application directory logs
Oct 17, 2011 8:27:42 PM org.apache.catalina.startup.HostConfig deployDirectory
INFO: Deploying web application directory work
Oct 17, 2011 8:27:42 PM org.apache.coyote.AbstractProtocol start
INFO: Starting ProtocolHandler ["http-bio-8080"]
Oct 17, 2011 8:27:42 PM org.apache.catalina.startup.Catalina start
INFO: Server startup in 411 ms
Oct 17, 2011 8:28:09 PM org.apache.coyote.AbstractProtocol pause
INFO: Pausing ProtocolHandler ["http-bio-8080"]
Oct 17, 2011 8:28:10 PM org.apache.catalina.core.StandardService stopInternal
INFO: Stopping service Catalina
Oct 17, 2011 8:28:10 PM org.apache.coyote.AbstractProtocol stop
INFO: Stopping ProtocolHandler ["http-bio-8080"]
Oct 17, 2011 8:28:10 PM org.apache.coyote.AbstractProtocol destroy
INFO: Destroying ProtocolHandler ["http-bio-8080"]
Oct 17, 2011 8:28:14 PM org.apache.catalina.startup.Catalina initDirs
SEVERE: Cannot find specified temporary folder at /Users/bpontarelli/dev/presentations/freemarker/freemarker-hello-world/apache-tomcat-7.0.16/temp
Oct 17, 2011 8:28:14 PM org.apache.catalina.core.AprLifecycleListener init
INFO: The APR based Apache Tomcat Native library which allows optimal performance in production environments was not found on the java.library.path: .:/Library/Java/Extensions:/System/Library/Java/Extensions:/usr/lib/java
Oct 17, 2011 8:28:14 PM org.apache.coyote.AbstractProtocol init
INFO: Initializing ProtocolHandler ["http-bio-8080"]
Oct 17, 2011 8:28:14 PM org.apache.catalina.startup.Catalina load
INFO: Initialization processed in 416 ms
Oct 17, 2011 8:28:14 PM org.apache.catalina.core.StandardService startInternal
INFO: Starting service Catalina
Oct 17, 2011 8:28:14 PM org.apache.catalina.core.StandardEngine startInternal
INFO: Starting Servlet Engine: Apache Tomcat/7.0.16
Oct 17, 2011 8:28:14 PM org.apache.catalina.realm.JAASRealm setContainer
INFO: Set JAAS app name Catalina
Oct 17, 2011 8:28:15 PM org.apache.catalina.startup.HostConfig deployDirectory
INFO: Deploying web application directory bin
Oct 17, 2011 8:28:15 PM org.apache.catalina.startup.HostConfig deployDirectory
INFO: Deploying web application directory conf
Oct 17, 2011 8:28:15 PM org.apache.catalina.startup.HostConfig deployDirectory
INFO: Deploying web application directory lib
Oct 17, 2011 8:28:15 PM org.apache.catalina.startup.HostConfig deployDirectory
INFO: Deploying web application directory logs
Oct 17, 2011 8:28:15 PM org.apache.catalina.startup.HostConfig deployDirectory
INFO: Deploying web application directory work
Oct 17, 2011 8:28:15 PM org.apache.coyote.AbstractProtocol start
INFO: Starting ProtocolHandler ["http-bio-8080"]
Oct 17, 2011 8:28:15 PM org.apache.catalina.startup.Catalina start
INFO: Server startup in 419 ms
