Oct 20, 2011 8:37:27 AM org.apache.coyote.AbstractProtocol pause
INFO: Pausing ProtocolHandler ["http-bio-8080"]
Oct 20, 2011 8:37:28 AM org.apache.catalina.core.StandardService stopInternal
INFO: Stopping service Catalina
Oct 20, 2011 8:37:28 AM org.apache.coyote.AbstractProtocol stop
INFO: Stopping ProtocolHandler ["http-bio-8080"]
Oct 20, 2011 8:37:28 AM org.apache.coyote.AbstractProtocol destroy
INFO: Destroying ProtocolHandler ["http-bio-8080"]
Oct 20, 2011 8:37:31 AM org.apache.catalina.startup.Catalina initDirs
SEVERE: Cannot find specified temporary folder at /Users/bpontarelli/dev/presentations/freemarker/freemarker-training/apache-tomcat-7.0.16/temp
Oct 20, 2011 8:37:32 AM org.apache.catalina.core.AprLifecycleListener init
INFO: The APR based Apache Tomcat Native library which allows optimal performance in production environments was not found on the java.library.path: .:/Library/Java/Extensions:/System/Library/Java/Extensions:/usr/lib/java
Oct 20, 2011 8:37:32 AM org.apache.coyote.AbstractProtocol init
INFO: Initializing ProtocolHandler ["http-bio-8080"]
Oct 20, 2011 8:37:32 AM org.apache.catalina.startup.Catalina load
INFO: Initialization processed in 426 ms
Oct 20, 2011 8:37:32 AM org.apache.catalina.core.StandardService startInternal
INFO: Starting service Catalina
Oct 20, 2011 8:37:32 AM org.apache.catalina.core.StandardEngine startInternal
INFO: Starting Servlet Engine: Apache Tomcat/7.0.16
Oct 20, 2011 8:37:32 AM org.apache.catalina.realm.JAASRealm setContainer
INFO: Set JAAS app name Catalina
Oct 20, 2011 8:37:32 AM org.apache.catalina.startup.HostConfig deployDirectory
INFO: Deploying web application directory bin
Oct 20, 2011 8:37:32 AM org.apache.catalina.startup.HostConfig deployDirectory
INFO: Deploying web application directory conf
Oct 20, 2011 8:37:32 AM org.apache.catalina.startup.HostConfig deployDirectory
INFO: Deploying web application directory lib
Oct 20, 2011 8:37:32 AM org.apache.catalina.startup.HostConfig deployDirectory
INFO: Deploying web application directory logs
Oct 20, 2011 8:37:32 AM org.apache.catalina.startup.HostConfig deployDirectory
INFO: Deploying web application directory work
Oct 20, 2011 8:37:32 AM org.apache.coyote.AbstractProtocol start
INFO: Starting ProtocolHandler ["http-bio-8080"]
Oct 20, 2011 8:37:32 AM org.apache.catalina.startup.Catalina start
INFO: Server startup in 417 ms
Oct 20, 2011 8:38:34 AM org.apache.coyote.AbstractProtocol pause
INFO: Pausing ProtocolHandler ["http-bio-8080"]
Oct 20, 2011 8:38:35 AM org.apache.catalina.core.StandardService stopInternal
INFO: Stopping service Catalina
Oct 20, 2011 8:38:35 AM org.apache.coyote.AbstractProtocol stop
INFO: Stopping ProtocolHandler ["http-bio-8080"]
Oct 20, 2011 8:38:35 AM org.apache.coyote.AbstractProtocol destroy
INFO: Destroying ProtocolHandler ["http-bio-8080"]
