Oct 18, 2011 4:22:38 PM org.apache.catalina.core.StandardWrapperValve invoke
SEVERE: Servlet.service() for servlet [caching-freemarker-servlet] in context with path [] threw exception
java.io.FileNotFoundException: Template /cache/hello-world.ftl not found.
	at freemarker.template.Configuration.getTemplate(Configuration.java:489)
	at freemarker.template.Configuration.getTemplate(Configuration.java:452)
	at CachingFreeMarkerServlet.doGet(Unknown Source)
	at javax.servlet.http.HttpServlet.service(HttpServlet.java:621)
	at javax.servlet.http.HttpServlet.service(HttpServlet.java:722)
	at org.apache.catalina.core.ApplicationFilterChain.internalDoFilter(ApplicationFilterChain.java:304)
	at org.apache.catalina.core.ApplicationFilterChain.doFilter(ApplicationFilterChain.java:210)
	at org.apache.catalina.core.StandardWrapperValve.invoke(StandardWrapperValve.java:240)
	at org.apache.catalina.core.StandardContextValve.invoke(StandardContextValve.java:164)
	at org.apache.catalina.authenticator.AuthenticatorBase.invoke(AuthenticatorBase.java:462)
	at org.apache.catalina.core.StandardHostValve.invoke(StandardHostValve.java:164)
	at org.apache.catalina.valves.ErrorReportValve.invoke(ErrorReportValve.java:100)
	at org.apache.catalina.core.StandardEngineValve.invoke(StandardEngineValve.java:118)
	at org.apache.catalina.connector.CoyoteAdapter.service(CoyoteAdapter.java:403)
	at org.apache.coyote.http11.Http11Processor.process(Http11Processor.java:301)
	at org.apache.coyote.http11.Http11Protocol$Http11ConnectionHandler.process(Http11Protocol.java:162)
	at org.apache.tomcat.util.net.JIoEndpoint$SocketProcessor.run(JIoEndpoint.java:309)
	at java.util.concurrent.ThreadPoolExecutor$Worker.runTask(ThreadPoolExecutor.java:886)
	at java.util.concurrent.ThreadPoolExecutor$Worker.run(ThreadPoolExecutor.java:908)
	at java.lang.Thread.run(Thread.java:680)
Oct 18, 2011 4:35:20 PM org.apache.catalina.core.StandardWrapperValve invoke
SEVERE: Servlet.service() for servlet [model-freemarker-servlet] in context with path [] threw exception
java.io.FileNotFoundException: Template -hello-world.ftl not found.
	at freemarker.template.Configuration.getTemplate(Configuration.java:489)
	at freemarker.template.Configuration.getTemplate(Configuration.java:452)
	at ModelFreeMarkerServlet.doGet(Unknown Source)
	at javax.servlet.http.HttpServlet.service(HttpServlet.java:621)
	at javax.servlet.http.HttpServlet.service(HttpServlet.java:722)
	at org.apache.catalina.core.ApplicationFilterChain.internalDoFilter(ApplicationFilterChain.java:304)
	at org.apache.catalina.core.ApplicationFilterChain.doFilter(ApplicationFilterChain.java:210)
	at org.apache.catalina.core.StandardWrapperValve.invoke(StandardWrapperValve.java:240)
	at org.apache.catalina.core.StandardContextValve.invoke(StandardContextValve.java:164)
	at org.apache.catalina.authenticator.AuthenticatorBase.invoke(AuthenticatorBase.java:462)
	at org.apache.catalina.core.StandardHostValve.invoke(StandardHostValve.java:164)
	at org.apache.catalina.valves.ErrorReportValve.invoke(ErrorReportValve.java:100)
	at org.apache.catalina.core.StandardEngineValve.invoke(StandardEngineValve.java:118)
	at org.apache.catalina.connector.CoyoteAdapter.service(CoyoteAdapter.java:403)
	at org.apache.coyote.http11.Http11Processor.process(Http11Processor.java:301)
	at org.apache.coyote.http11.Http11Protocol$Http11ConnectionHandler.process(Http11Protocol.java:162)
	at org.apache.coyote.http11.Http11Protocol$Http11ConnectionHandler.process(Http11Protocol.java:140)
	at org.apache.tomcat.util.net.JIoEndpoint$SocketProcessor.run(JIoEndpoint.java:309)
	at java.util.concurrent.ThreadPoolExecutor$Worker.runTask(ThreadPoolExecutor.java:886)
	at java.util.concurrent.ThreadPoolExecutor$Worker.run(ThreadPoolExecutor.java:908)
	at java.lang.Thread.run(Thread.java:680)
Oct 18, 2011 4:35:51 PM org.apache.catalina.core.StandardWrapperValve invoke
SEVERE: Servlet.service() for servlet [model-freemarker-servlet] in context with path [] threw exception
java.io.FileNotFoundException: Template /model-hello-world.ftl not found.
	at freemarker.template.Configuration.getTemplate(Configuration.java:489)
	at freemarker.template.Configuration.getTemplate(Configuration.java:452)
	at ModelFreeMarkerServlet.doGet(Unknown Source)
	at javax.servlet.http.HttpServlet.service(HttpServlet.java:621)
	at javax.servlet.http.HttpServlet.service(HttpServlet.java:722)
	at org.apache.catalina.core.ApplicationFilterChain.internalDoFilter(ApplicationFilterChain.java:304)
	at org.apache.catalina.core.ApplicationFilterChain.doFilter(ApplicationFilterChain.java:210)
	at org.apache.catalina.core.StandardWrapperValve.invoke(StandardWrapperValve.java:240)
	at org.apache.catalina.core.StandardContextValve.invoke(StandardContextValve.java:164)
	at org.apache.catalina.authenticator.AuthenticatorBase.invoke(AuthenticatorBase.java:462)
	at org.apache.catalina.core.StandardHostValve.invoke(StandardHostValve.java:164)
	at org.apache.catalina.valves.ErrorReportValve.invoke(ErrorReportValve.java:100)
	at org.apache.catalina.core.StandardEngineValve.invoke(StandardEngineValve.java:118)
	at org.apache.catalina.connector.CoyoteAdapter.service(CoyoteAdapter.java:403)
	at org.apache.coyote.http11.Http11Processor.process(Http11Processor.java:301)
	at org.apache.coyote.http11.Http11Protocol$Http11ConnectionHandler.process(Http11Protocol.java:162)
	at org.apache.coyote.http11.Http11Protocol$Http11ConnectionHandler.process(Http11Protocol.java:140)
	at org.apache.tomcat.util.net.JIoEndpoint$SocketProcessor.run(JIoEndpoint.java:309)
	at java.util.concurrent.ThreadPoolExecutor$Worker.runTask(ThreadPoolExecutor.java:886)
	at java.util.concurrent.ThreadPoolExecutor$Worker.run(ThreadPoolExecutor.java:908)
	at java.lang.Thread.run(Thread.java:680)
Oct 18, 2011 4:36:20 PM org.apache.catalina.core.StandardWrapperValve invoke
SEVERE: Servlet.service() for servlet [model-freemarker-servlet] in context with path [] threw exception
java.io.FileNotFoundException: Template /model-hello-world.ftl not found.
	at freemarker.template.Configuration.getTemplate(Configuration.java:489)
	at freemarker.template.Configuration.getTemplate(Configuration.java:452)
	at ModelFreeMarkerServlet.doGet(Unknown Source)
	at javax.servlet.http.HttpServlet.service(HttpServlet.java:621)
	at javax.servlet.http.HttpServlet.service(HttpServlet.java:722)
	at org.apache.catalina.core.ApplicationFilterChain.internalDoFilter(ApplicationFilterChain.java:304)
	at org.apache.catalina.core.ApplicationFilterChain.doFilter(ApplicationFilterChain.java:210)
	at org.apache.catalina.core.StandardWrapperValve.invoke(StandardWrapperValve.java:240)
	at org.apache.catalina.core.StandardContextValve.invoke(StandardContextValve.java:164)
	at org.apache.catalina.authenticator.AuthenticatorBase.invoke(AuthenticatorBase.java:462)
	at org.apache.catalina.core.StandardHostValve.invoke(StandardHostValve.java:164)
	at org.apache.catalina.valves.ErrorReportValve.invoke(ErrorReportValve.java:100)
	at org.apache.catalina.core.StandardEngineValve.invoke(StandardEngineValve.java:118)
	at org.apache.catalina.connector.CoyoteAdapter.service(CoyoteAdapter.java:403)
	at org.apache.coyote.http11.Http11Processor.process(Http11Processor.java:301)
	at org.apache.coyote.http11.Http11Protocol$Http11ConnectionHandler.process(Http11Protocol.java:162)
	at org.apache.coyote.http11.Http11Protocol$Http11ConnectionHandler.process(Http11Protocol.java:140)
	at org.apache.tomcat.util.net.JIoEndpoint$SocketProcessor.run(JIoEndpoint.java:309)
	at java.util.concurrent.ThreadPoolExecutor$Worker.runTask(ThreadPoolExecutor.java:886)
	at java.util.concurrent.ThreadPoolExecutor$Worker.run(ThreadPoolExecutor.java:908)
	at java.lang.Thread.run(Thread.java:680)
Oct 18, 2011 4:36:21 PM org.apache.catalina.core.StandardWrapperValve invoke
SEVERE: Servlet.service() for servlet [model-freemarker-servlet] in context with path [] threw exception
java.io.FileNotFoundException: Template /model-hello-world.ftl not found.
	at freemarker.template.Configuration.getTemplate(Configuration.java:489)
	at freemarker.template.Configuration.getTemplate(Configuration.java:452)
	at ModelFreeMarkerServlet.doGet(Unknown Source)
	at javax.servlet.http.HttpServlet.service(HttpServlet.java:621)
	at javax.servlet.http.HttpServlet.service(HttpServlet.java:722)
	at org.apache.catalina.core.ApplicationFilterChain.internalDoFilter(ApplicationFilterChain.java:304)
	at org.apache.catalina.core.ApplicationFilterChain.doFilter(ApplicationFilterChain.java:210)
	at org.apache.catalina.core.StandardWrapperValve.invoke(StandardWrapperValve.java:240)
	at org.apache.catalina.core.StandardContextValve.invoke(StandardContextValve.java:164)
	at org.apache.catalina.authenticator.AuthenticatorBase.invoke(AuthenticatorBase.java:462)
	at org.apache.catalina.core.StandardHostValve.invoke(StandardHostValve.java:164)
	at org.apache.catalina.valves.ErrorReportValve.invoke(ErrorReportValve.java:100)
	at org.apache.catalina.core.StandardEngineValve.invoke(StandardEngineValve.java:118)
	at org.apache.catalina.connector.CoyoteAdapter.service(CoyoteAdapter.java:403)
	at org.apache.coyote.http11.Http11Processor.process(Http11Processor.java:301)
	at org.apache.coyote.http11.Http11Protocol$Http11ConnectionHandler.process(Http11Protocol.java:162)
	at org.apache.coyote.http11.Http11Protocol$Http11ConnectionHandler.process(Http11Protocol.java:140)
	at org.apache.tomcat.util.net.JIoEndpoint$SocketProcessor.run(JIoEndpoint.java:309)
	at java.util.concurrent.ThreadPoolExecutor$Worker.runTask(ThreadPoolExecutor.java:886)
	at java.util.concurrent.ThreadPoolExecutor$Worker.run(ThreadPoolExecutor.java:908)
	at java.lang.Thread.run(Thread.java:680)
Oct 18, 2011 4:36:21 PM org.apache.catalina.core.StandardWrapperValve invoke
SEVERE: Servlet.service() for servlet [model-freemarker-servlet] in context with path [] threw exception
java.io.FileNotFoundException: Template /model-hello-world.ftl not found.
	at freemarker.template.Configuration.getTemplate(Configuration.java:489)
	at freemarker.template.Configuration.getTemplate(Configuration.java:452)
	at ModelFreeMarkerServlet.doGet(Unknown Source)
	at javax.servlet.http.HttpServlet.service(HttpServlet.java:621)
	at javax.servlet.http.HttpServlet.service(HttpServlet.java:722)
	at org.apache.catalina.core.ApplicationFilterChain.internalDoFilter(ApplicationFilterChain.java:304)
	at org.apache.catalina.core.ApplicationFilterChain.doFilter(ApplicationFilterChain.java:210)
	at org.apache.catalina.core.StandardWrapperValve.invoke(StandardWrapperValve.java:240)
	at org.apache.catalina.core.StandardContextValve.invoke(StandardContextValve.java:164)
	at org.apache.catalina.authenticator.AuthenticatorBase.invoke(AuthenticatorBase.java:462)
	at org.apache.catalina.core.StandardHostValve.invoke(StandardHostValve.java:164)
	at org.apache.catalina.valves.ErrorReportValve.invoke(ErrorReportValve.java:100)
	at org.apache.catalina.core.StandardEngineValve.invoke(StandardEngineValve.java:118)
	at org.apache.catalina.connector.CoyoteAdapter.service(CoyoteAdapter.java:403)
	at org.apache.coyote.http11.Http11Processor.process(Http11Processor.java:301)
	at org.apache.coyote.http11.Http11Protocol$Http11ConnectionHandler.process(Http11Protocol.java:162)
	at org.apache.coyote.http11.Http11Protocol$Http11ConnectionHandler.process(Http11Protocol.java:140)
	at org.apache.tomcat.util.net.JIoEndpoint$SocketProcessor.run(JIoEndpoint.java:309)
	at java.util.concurrent.ThreadPoolExecutor$Worker.runTask(ThreadPoolExecutor.java:886)
	at java.util.concurrent.ThreadPoolExecutor$Worker.run(ThreadPoolExecutor.java:908)
	at java.lang.Thread.run(Thread.java:680)
