Oct 20, 2011 8:37:38 AM org.apache.catalina.core.StandardWrapperValve invoke
SEVERE: Servlet.service() for servlet [model-freemarker-servlet] in context with path [] threw exception
freemarker.core.ParseException: Error on line 7, column 20, in template model.ftl
Found boolean, expecting one of:  chunk,  is_date,  last,  root,  j_string,  round,  contains,  is_hash,  long,  float,  ends_with,  namespace,  matches,  time,  values,  seq_last_index_of,  uncap_first,  byte,  substring,  is_transform,  web_safe,  groups,  seq_contains,  is_macro,  index_of,  word_list,  int,  is_method,  eval,  parent,  xml,  number,  capitalize,  if_exists,  rtf,  node_type,  double,  is_directive,  url,  size,  default,  floor,  ceiling,  is_boolean,  split,  node_name,  is_enumerable,  seq_index_of,  is_sequence,  sort,  is_node,  sort_by,  left_pad,  xhtml,  cap_first,  interpret,  children,  node_namespace,  chop_linebreak,  date,  short,  last_index_of,  is_collection,  ancestors,  length,  trim,  datetime,  is_string,  reverse,  c,  keys,  upper_case,  js_string,  has_content,  right_pad,  replace,  is_hash_ex,  new,  is_number,  lower_case,  is_indexable,  string,  exists,  html,  first,  starts_with in model.ftl
	at freemarker.core.BuiltIn.newBuiltIn(BuiltIn.java:200)
	at freemarker.core.FMParser.BuiltIn(FMParser.java:790)
	at freemarker.core.FMParser.AddSubExpression(FMParser.java:726)
	at freemarker.core.FMParser.PrimaryExpression(FMParser.java:273)
	at freemarker.core.FMParser.UnaryExpression(FMParser.java:319)
	at freemarker.core.FMParser.MultiplicativeExpression(FMParser.java:435)
	at freemarker.core.FMParser.AdditiveExpression(FMParser.java:385)
	at freemarker.core.FMParser.RangeExpression(FMParser.java:556)
	at freemarker.core.FMParser.RelationalExpression(FMParser.java:511)
	at freemarker.core.FMParser.EqualityExpression(FMParser.java:476)
	at freemarker.core.FMParser.AndExpression(FMParser.java:585)
	at freemarker.core.FMParser.OrExpression(FMParser.java:608)
	at freemarker.core.FMParser.Expression(FMParser.java:221)
	at freemarker.core.FMParser.StringOutput(FMParser.java:1061)
	at freemarker.core.FMParser.Content(FMParser.java:2575)
	at freemarker.core.FMParser.OptionalBlock(FMParser.java:2786)
	at freemarker.core.FMParser.Root(FMParser.java:2958)
	at freemarker.template.Template.<init>(Template.java:149)
	at freemarker.cache.TemplateCache.loadTemplate(TemplateCache.java:448)
	at freemarker.cache.TemplateCache.getTemplate(TemplateCache.java:361)
	at freemarker.cache.TemplateCache.getTemplate(TemplateCache.java:235)
	at freemarker.template.Configuration.getTemplate(Configuration.java:487)
	at freemarker.template.Configuration.getTemplate(Configuration.java:452)
	at ModelFreeMarkerServlet.doGet(ModelFreeMarkerServlet.java:20)
	at javax.servlet.http.HttpServlet.service(HttpServlet.java:621)
	at javax.servlet.http.HttpServlet.service(HttpServlet.java:722)
	at org.apache.catalina.core.ApplicationFilterChain.internalDoFilter(ApplicationFilterChain.java:304)
	at org.apache.catalina.core.ApplicationFilterChain.doFilter(ApplicationFilterChain.java:210)
	at org.apache.catalina.core.StandardWrapperValve.invoke(StandardWrapperValve.java:240)
	at org.apache.catalina.core.StandardContextValve.invoke(StandardContextValve.java:164)
	at org.apache.catalina.authenticator.AuthenticatorBase.invoke(AuthenticatorBase.java:462)
	at org.apache.catalina.core.StandardHostValve.invoke(StandardHostValve.java:164)
	at org.apache.catalina.valves.ErrorReportValve.invoke(ErrorReportValve.java:100)
	at org.apache.catalina.core.StandardEngineValve.invoke(StandardEngineValve.java:118)
	at org.apache.catalina.connector.CoyoteAdapter.service(CoyoteAdapter.java:403)
	at org.apache.coyote.http11.Http11Processor.process(Http11Processor.java:301)
	at org.apache.coyote.http11.Http11Protocol$Http11ConnectionHandler.process(Http11Protocol.java:162)
	at org.apache.coyote.http11.Http11Protocol$Http11ConnectionHandler.process(Http11Protocol.java:140)
	at org.apache.tomcat.util.net.JIoEndpoint$SocketProcessor.run(JIoEndpoint.java:309)
	at java.util.concurrent.ThreadPoolExecutor$Worker.runTask(ThreadPoolExecutor.java:886)
	at java.util.concurrent.ThreadPoolExecutor$Worker.run(ThreadPoolExecutor.java:908)
	at java.lang.Thread.run(Thread.java:680)
